<?xml version="1.0" encoding="UTF-8"?>
<testng-results ignored="0" total="2" passed="2" failed="0" skipped="0">
  <reporter-output>
  </reporter-output>
  <suite started-at="2023-04-21T04:59:17Z" name="test.ValidateUserAddCategoryTest" finished-at="2023-04-21T04:59:28Z" duration-ms="10755">
    <groups>
    </groups>
    <test started-at="2023-04-21T04:59:17Z" name="Command line test" finished-at="2023-04-21T04:59:28Z" duration-ms="10755">
      <class name="test.ValidateUserAddCategoryTest">
        <test-method signature="validUserAddsCategoryToDoList()[pri:1, instance:test.ValidateUserAddCategoryTest@48aaecc3]" started-at="2023-04-21T04:59:17Z" name="validUserAddsCategoryToDoList" finished-at="2023-04-21T04:59:27Z" duration-ms="10097" status="PASS">
          <reporter-output>
          </reporter-output>
        </test-method> <!-- validUserAddsCategoryToDoList -->
        <test-method signature="duplicateValueAdded()[pri:2, instance:test.ValidateUserAddCategoryTest@48aaecc3]" started-at="2023-04-21T04:59:27Z" name="duplicateValueAdded" finished-at="2023-04-21T04:59:28Z" duration-ms="636" status="PASS">
          <reporter-output>
          </reporter-output>
        </test-method> <!-- duplicateValueAdded -->
      </class> <!-- test.ValidateUserAddCategoryTest -->
    </test> <!-- Command line test -->
  </suite> <!-- test.ValidateUserAddCategoryTest -->
</testng-results>
