<?xml version="1.0" encoding="UTF-8"?>
<testng-results skipped="0" failed="0" ignored="0" total="2" passed="2">
  <reporter-output>
  </reporter-output>
  <suite name="test.ValidateUserAddCategoryTest" duration-ms="12548" started-at="2023-04-22T22:28:58Z" finished-at="2023-04-22T22:29:10Z">
    <groups>
    </groups>
    <test name="Command line test" duration-ms="12548" started-at="2023-04-22T22:28:58Z" finished-at="2023-04-22T22:29:10Z">
      <class name="test.ValidateUserAddCategoryTest">
        <test-method status="PASS" signature="validUserAddsCategoryToDoList()[pri:1, instance:test.ValidateUserAddCategoryTest@36d64342]" name="validUserAddsCategoryToDoList" duration-ms="12004" started-at="2023-04-22T22:28:58Z" finished-at="2023-04-22T22:29:10Z">
          <reporter-output>
          </reporter-output>
        </test-method> <!-- validUserAddsCategoryToDoList -->
        <test-method status="PASS" signature="duplicateValueAdded()[pri:2, instance:test.ValidateUserAddCategoryTest@36d64342]" name="duplicateValueAdded" duration-ms="521" started-at="2023-04-22T22:29:10Z" finished-at="2023-04-22T22:29:10Z">
          <reporter-output>
          </reporter-output>
        </test-method> <!-- duplicateValueAdded -->
      </class> <!-- test.ValidateUserAddCategoryTest -->
    </test> <!-- Command line test -->
  </suite> <!-- test.ValidateUserAddCategoryTest -->
</testng-results>
