<?xml version="1.0" encoding="UTF-8"?>
<testng-results ignored="0" total="2" passed="2" failed="0" skipped="0">
  <reporter-output>
  </reporter-output>
  <suite started-at="2023-04-17T15:41:44Z" name="Default suite" finished-at="2023-04-17T15:41:53Z" duration-ms="9250">
    <groups>
    </groups>
    <test started-at="2023-04-17T15:41:44Z" name="Default test" finished-at="2023-04-17T15:41:53Z" duration-ms="9250">
      <class name="test.ValidateUserAddCategoryTest">
        <test-method signature="validUserAddsCategoryToDoList()[pri:1, instance:test.ValidateUserAddCategoryTest@73a8da0f]" started-at="2023-04-17T15:41:44Z" name="validUserAddsCategoryToDoList" finished-at="2023-04-17T15:41:53Z" duration-ms="8674" status="PASS">
          <reporter-output>
          </reporter-output>
        </test-method> <!-- validUserAddsCategoryToDoList -->
        <test-method signature="duplicateValueAdded()[pri:2, instance:test.ValidateUserAddCategoryTest@73a8da0f]" started-at="2023-04-17T15:41:53Z" name="duplicateValueAdded" finished-at="2023-04-17T15:41:53Z" duration-ms="558" status="PASS">
          <reporter-output>
          </reporter-output>
        </test-method> <!-- duplicateValueAdded -->
      </class> <!-- test.ValidateUserAddCategoryTest -->
    </test> <!-- Default test -->
  </suite> <!-- Default suite -->
</testng-results>
