<?xml version="1.0" encoding="UTF-8"?>
<testng-results skipped="0" failed="0" ignored="0" total="2" passed="2">
  <reporter-output>
  </reporter-output>
  <suite name="Default suite" duration-ms="10346" started-at="2023-06-18T03:31:34Z" finished-at="2023-06-18T03:31:44Z">
    <groups>
    </groups>
    <test name="Default test" duration-ms="10346" started-at="2023-06-18T03:31:34Z" finished-at="2023-06-18T03:31:44Z">
      <class name="test.ValidateUserAddCategoryTest">
        <test-method status="PASS" signature="validUserAddsCategoryToDoList()[pri:1, instance:test.ValidateUserAddCategoryTest@33afa13b]" name="validUserAddsCategoryToDoList" duration-ms="9780" started-at="2023-06-18T03:31:34Z" finished-at="2023-06-18T03:31:44Z">
          <reporter-output>
          </reporter-output>
        </test-method> <!-- validUserAddsCategoryToDoList -->
        <test-method status="PASS" signature="duplicateValueAdded()[pri:2, instance:test.ValidateUserAddCategoryTest@33afa13b]" name="duplicateValueAdded" duration-ms="544" started-at="2023-06-18T03:31:44Z" finished-at="2023-06-18T03:31:44Z">
          <reporter-output>
          </reporter-output>
        </test-method> <!-- duplicateValueAdded -->
      </class> <!-- test.ValidateUserAddCategoryTest -->
    </test> <!-- Default test -->
  </suite> <!-- Default suite -->
</testng-results>
