<?xml version="1.0" encoding="UTF-8"?>
<!-- Generated by org.testng.reporters.JUnitXMLReporter -->
<testsuite hostname="DESKTOP-GK1TVHH" ignored="0" name="Command line test" tests="2" failures="0" timestamp="22 Apr 2023 22:29:10 GMT" time="12.548" errors="0">
  <testcase name="validUserAddsCategoryToDoList" time="12.004" classname="test.ValidateUserAddCategoryTest"/>
  <testcase name="duplicateValueAdded" time="0.521" classname="test.ValidateUserAddCategoryTest"/>
</testsuite> <!-- Command line test -->
